<?xml version="1.0" encoding="UTF-8"?>
<robot generator="Robot 6.1 (Python 3.11.4 on win32)" generated="20230731 19:37:58.203" rpa="false" schemaversion="4">
<suite id="s1" name="ScoutsTest robotframework" source="C:\Users\jakub\OneDrive\Dokumenty\GitHub\ScoutsTest_robotframework">
<suite id="s1-s1" name="Test Login Rf" source="C:\Users\jakub\OneDrive\Dokumenty\GitHub\ScoutsTest_robotframework\test_login_rf.robot">
<test id="s1-s1-t1" name="Search Filter Table" line="154">
<kw name="Open Login Page">
<kw name="Open Browser" library="SeleniumLibrary">
<arg>${LOGIN URL}</arg>
<arg>${BROWSER}</arg>
<doc>Opens a new browser instance to the optional ``url``.</doc>
<msg timestamp="20230731 19:37:58.329" level="INFO">Opening browser 'Chrome' to base url 'https://dareit.futbolkolektyw.pl/en'.</msg>
<status status="PASS" starttime="20230731 19:37:58.329" endtime="20230731 19:37:59.716"/>
</kw>
<kw name="Title Should Be" library="SeleniumLibrary">
<arg>Scouts panel - sign in</arg>
<doc>Verifies that the current page title equals ``title``.</doc>
<msg timestamp="20230731 19:37:59.716" level="INFO">Page title is 'Scouts panel - sign in'.</msg>
<status status="PASS" starttime="20230731 19:37:59.716" endtime="20230731 19:37:59.716"/>
</kw>
<status status="PASS" starttime="20230731 19:37:58.329" endtime="20230731 19:37:59.716"/>
</kw>
<kw name="Type In Email">
<kw name="Input Text" library="SeleniumLibrary">
<arg>${EMAILINPUT}</arg>
<arg>user09@getnada.com</arg>
<doc>Types the given ``text`` into the text field identified by ``locator``.</doc>
<msg timestamp="20230731 19:37:59.716" level="INFO">Typing text 'user09@getnada.com' into text field 'xpath=//*[@id='login']'.</msg>
<status status="PASS" starttime="20230731 19:37:59.716" endtime="20230731 19:37:59.887"/>
</kw>
<status status="PASS" starttime="20230731 19:37:59.716" endtime="20230731 19:37:59.887"/>
</kw>
<kw name="Type In Password">
<kw name="Input Text" library="SeleniumLibrary">
<arg>${PASSWORDINPUT}</arg>
<arg>Test-1234</arg>
<doc>Types the given ``text`` into the text field identified by ``locator``.</doc>
<msg timestamp="20230731 19:37:59.887" level="INFO">Typing text 'Test-1234' into text field 'xpath=//*[@id='password']'.</msg>
<status status="PASS" starttime="20230731 19:37:59.887" endtime="20230731 19:37:59.980"/>
</kw>
<status status="PASS" starttime="20230731 19:37:59.887" endtime="20230731 19:37:59.980"/>
</kw>
<kw name="Click On The Submit Button">
<kw name="Click Element" library="SeleniumLibrary">
<arg>xpath=//button[@type='submit']</arg>
<doc>Click the element identified by ``locator``.</doc>
<msg timestamp="20230731 19:37:59.982" level="INFO">Clicking element 'xpath=//button[@type='submit']'.</msg>
<status status="PASS" starttime="20230731 19:37:59.981" endtime="20230731 19:38:00.011"/>
</kw>
<status status="PASS" starttime="20230731 19:37:59.981" endtime="20230731 19:38:00.011"/>
</kw>
<kw name="Click On Players">
<kw name="Wait Until Element Is Visible" library="SeleniumLibrary">
<arg>${PLAYERSBUTTON}</arg>
<doc>Waits until the element ``locator`` is visible.</doc>
<status status="PASS" starttime="20230731 19:38:00.021" endtime="20230731 19:38:01.919"/>
</kw>
<kw name="Click Element" library="SeleniumLibrary">
<arg>${PLAYERSBUTTON}</arg>
<doc>Click the element identified by ``locator``.</doc>
<msg timestamp="20230731 19:38:01.920" level="INFO">Clicking element 'xpath=//span[text()='Players']'.</msg>
<status status="PASS" starttime="20230731 19:38:01.919" endtime="20230731 19:38:01.954"/>
</kw>
<status status="PASS" starttime="20230731 19:38:00.011" endtime="20230731 19:38:01.954"/>
</kw>
<kw name="Fill filters">
<kw name="Wait Until Element Is Visible" library="SeleniumLibrary">
<arg>${FILTERSTABLEBUTTON}</arg>
<doc>Waits until the element ``locator`` is visible.</doc>
<status status="PASS" starttime="20230731 19:38:01.954" endtime="20230731 19:38:03.003"/>
</kw>
<kw name="Click Element" library="SeleniumLibrary">
<arg>${FILTERSTABLEBUTTON}</arg>
<doc>Click the element identified by ``locator``.</doc>
<msg timestamp="20230731 19:38:03.004" level="INFO">Clicking element 'xpath=//*[@title='Filter Table']'.</msg>
<status status="PASS" starttime="20230731 19:38:03.003" endtime="20230731 19:38:03.045"/>
</kw>
<kw name="Input Text" library="SeleniumLibrary">
<arg>${FILTERSNAMEINPUT}</arg>
<arg>Michael</arg>
<doc>Types the given ``text`` into the text field identified by ``locator``.</doc>
<msg timestamp="20230731 19:38:03.045" level="INFO">Typing text 'Michael' into text field 'xpath=//div[2]/div[1]/div/div/div/input'.</msg>
<status status="PASS" starttime="20230731 19:38:03.045" endtime="20230731 19:38:03.179"/>
</kw>
<kw name="Input Text" library="SeleniumLibrary">
<arg>${FILTERSSURNAMEINPUT}</arg>
<arg>Kelso</arg>
<doc>Types the given ``text`` into the text field identified by ``locator``.</doc>
<msg timestamp="20230731 19:38:03.180" level="INFO">Typing text 'Kelso' into text field 'xpath=//div/div[2]/div[2]/div/div/div/input'.</msg>
<status status="PASS" starttime="20230731 19:38:03.179" endtime="20230731 19:38:03.278"/>
</kw>
<kw name="Input Text" library="SeleniumLibrary">
<arg>${FILTERSMAINPOSITIONINPUT}</arg>
<arg>Kettlehead</arg>
<doc>Types the given ``text`` into the text field identified by ``locator``.</doc>
<msg timestamp="20230731 19:38:03.279" level="INFO">Typing text 'Kettlehead' into text field 'xpath=//div[2]/div[4]/div/div/div/input'.</msg>
<status status="PASS" starttime="20230731 19:38:03.278" endtime="20230731 19:38:03.417"/>
</kw>
<kw name="Input Text" library="SeleniumLibrary">
<arg>${FILTERSCLUBINPUT}</arg>
<arg>Point Place</arg>
<doc>Types the given ``text`` into the text field identified by ``locator``.</doc>
<msg timestamp="20230731 19:38:03.417" level="INFO">Typing text 'Point Place' into text field 'xpath=//div[2]/div[5]/div/div/div/input'.</msg>
<status status="PASS" starttime="20230731 19:38:03.417" endtime="20230731 19:38:03.573"/>
</kw>
<kw name="Click Element" library="SeleniumLibrary">
<arg>${FILTERSCLOSEBUTTON}</arg>
<doc>Click the element identified by ``locator``.</doc>
<msg timestamp="20230731 19:38:03.573" level="INFO">Clicking element 'xpath=/html/body/div[2]/div[3]/button'.</msg>
<status status="PASS" starttime="20230731 19:38:03.573" endtime="20230731 19:38:03.606"/>
</kw>
<kw name="Wait Until Element Is Visible" library="SeleniumLibrary">
<arg>${FILTERSSEARCH}</arg>
<doc>Waits until the element ``locator`` is visible.</doc>
<status status="PASS" starttime="20230731 19:38:03.606" endtime="20230731 19:38:03.621"/>
</kw>
<status status="PASS" starttime="20230731 19:38:01.954" endtime="20230731 19:38:03.621"/>
</kw>
<kw name="Choose Columns">
<kw name="Click Element" library="SeleniumLibrary">
<arg>${COLUMNSVIEWBUTTON}</arg>
<doc>Click the element identified by ``locator``.</doc>
<msg timestamp="20230731 19:38:03.621" level="INFO">Clicking element 'xpath=//*[@title='View Columns']'.</msg>
<status status="PASS" starttime="20230731 19:38:03.621" endtime="20230731 19:38:03.978"/>
</kw>
<kw name="Click Element" library="SeleniumLibrary">
<arg>${COLUMNSAGEBOX}</arg>
<doc>Click the element identified by ``locator``.</doc>
<msg timestamp="20230731 19:38:03.978" level="INFO">Clicking element 'xpath=//*[@value='age']'.</msg>
<status status="PASS" starttime="20230731 19:38:03.978" endtime="20230731 19:38:04.025"/>
</kw>
<kw name="Click Element" library="SeleniumLibrary">
<arg>${COLUMNSRATINGBOX}</arg>
<doc>Click the element identified by ``locator``.</doc>
<msg timestamp="20230731 19:38:04.025" level="INFO">Clicking element 'xpath=//*[@value='rating']'.</msg>
<status status="PASS" starttime="20230731 19:38:04.025" endtime="20230731 19:38:04.076"/>
</kw>
<kw name="Click Element" library="SeleniumLibrary">
<arg>${COLUMNSMATCHESBOX}</arg>
<doc>Click the element identified by ``locator``.</doc>
<msg timestamp="20230731 19:38:04.076" level="INFO">Clicking element 'xpath=//*[@value='matches']'.</msg>
<status status="PASS" starttime="20230731 19:38:04.076" endtime="20230731 19:38:04.120"/>
</kw>
<kw name="Click Element" library="SeleniumLibrary">
<arg>${COLUMNSREPORTSBOX}</arg>
<doc>Click the element identified by ``locator``.</doc>
<msg timestamp="20230731 19:38:04.120" level="INFO">Clicking element 'xpath=//*[@value='reports']'.</msg>
<status status="PASS" starttime="20230731 19:38:04.120" endtime="20230731 19:38:04.185"/>
</kw>
<kw name="Click Element" library="SeleniumLibrary">
<arg>${COLUMNSCLOSEBUTTON}</arg>
<doc>Click the element identified by ``locator``.</doc>
<msg timestamp="20230731 19:38:04.185" level="INFO">Clicking element 'xpath=//body/div[2]/div[3]/button'.</msg>
<status status="PASS" starttime="20230731 19:38:04.185" endtime="20230731 19:38:04.222"/>
</kw>
<kw name="Capture Page Screenshot" library="SeleniumLibrary">
<arg>search_filter_table.png</arg>
<doc>Takes a screenshot of the current page and embeds it into a log file.</doc>
<msg timestamp="20230731 19:38:04.356" level="INFO" html="true">&lt;/td&gt;&lt;/tr&gt;&lt;tr&gt;&lt;td colspan="3"&gt;&lt;a href="search_filter_table.png"&gt;&lt;img src="search_filter_table.png" width="800px"&gt;&lt;/a&gt;</msg>
<status status="PASS" starttime="20230731 19:38:04.222" endtime="20230731 19:38:04.356"/>
</kw>
<status status="PASS" starttime="20230731 19:38:03.621" endtime="20230731 19:38:04.356"/>
</kw>
<kw name="Screenshot Plz">
<kw name="Capture Page Screenshot" library="SeleniumLibrary">
<arg>alert.png</arg>
<doc>Takes a screenshot of the current page and embeds it into a log file.</doc>
<msg timestamp="20230731 19:38:04.475" level="INFO" html="true">&lt;/td&gt;&lt;/tr&gt;&lt;tr&gt;&lt;td colspan="3"&gt;&lt;a href="alert.png"&gt;&lt;img src="alert.png" width="800px"&gt;&lt;/a&gt;</msg>
<status status="PASS" starttime="20230731 19:38:04.356" endtime="20230731 19:38:04.475"/>
</kw>
<status status="PASS" starttime="20230731 19:38:04.356" endtime="20230731 19:38:04.475"/>
</kw>
<kw name="Close Browser" library="SeleniumLibrary" type="TEARDOWN">
<doc>Closes the current browser.</doc>
<status status="PASS" starttime="20230731 19:38:04.475" endtime="20230731 19:38:06.591"/>
</kw>
<status status="PASS" starttime="20230731 19:37:58.329" endtime="20230731 19:38:06.591"/>
</test>
<doc>Suite description</doc>
<status status="PASS" starttime="20230731 19:37:58.219" endtime="20230731 19:38:06.591"/>
</suite>
<status status="PASS" starttime="20230731 19:37:58.203" endtime="20230731 19:38:06.591"/>
</suite>
<statistics>
<total>
<stat pass="1" fail="0" skip="0">All Tests</stat>
</total>
<tag>
</tag>
<suite>
<stat pass="1" fail="0" skip="0" id="s1" name="ScoutsTest robotframework">ScoutsTest robotframework</stat>
<stat pass="1" fail="0" skip="0" id="s1-s1" name="Test Login Rf">ScoutsTest robotframework.Test Login Rf</stat>
</suite>
</statistics>
<errors>
</errors>
</robot>
